Flow report for Hadamard
Sun Nov 13 14:29:03 2022
Quartus Prime Version 20.1.1 Build 720 11/11/2020 SJ Lite Edition


---------------------
; Table of Contents ;
---------------------
  1. Legal Notice
  2. Flow Summary
  3. Flow Settings
  4. Flow Non-Default Global Settings
  5. Flow Elapsed Time
  6. Flow OS Summary
  7. Flow Log
  8. Flow Messages
  9. Flow Suppressed Messages



----------------
; Legal Notice ;
----------------
Copyright (C) 2020  Intel Corporation. All rights reserved.
Your use of Intel Corporation's design tools, logic functions 
and other software and tools, and any partner logic 
functions, and any output files from any of the foregoing 
(including device programming or simulation files), and any 
associated documentation or information are expressly subject 
to the terms and conditions of the Intel Program License 
Subscription Agreement, the Intel Quartus Prime License Agreement,
the Intel FPGA IP License Agreement, or other applicable license
agreement, including, without limitation, that your use is for
the sole purpose of programming logic devices manufactured by
Intel and sold by Intel or its authorized distributors.  Please
refer to the applicable agreement for further details, at
https://fpgasoftware.intel.com/eula.



+-------------------------------------------------------------------------------------------+
; Flow Summary                                                                              ;
+------------------------------------+------------------------------------------------------+
; Flow Status                        ; EDA Netlist Writer Failed - Sun Nov 13 14:29:03 2022 ;
; Quartus Prime Version              ; 20.1.1 Build 720 11/11/2020 SJ Lite Edition          ;
; Revision Name                      ; Hadamard                                             ;
; Top-level Entity Name              ; Decoder                                              ;
; Family                             ; Cyclone IV GX                                        ;
; Total logic elements               ; 36 / 14,400 ( < 1 % )                                ;
;     Total combinational functions  ; 36 / 14,400 ( < 1 % )                                ;
;     Dedicated logic registers      ; 0 / 14,400 ( 0 % )                                   ;
; Total registers                    ; 0                                                    ;
; Total pins                         ; 13 / 81 ( 16 % )                                     ;
; Total virtual pins                 ; 0                                                    ;
; Total memory bits                  ; 0 / 552,960 ( 0 % )                                  ;
; Embedded Multiplier 9-bit elements ; 0                                                    ;
; Total GXB Receiver Channel PCS     ; 0 / 2 ( 0 % )                                        ;
; Total GXB Receiver Channel PMA     ; 0 / 2 ( 0 % )                                        ;
; Total GXB Transmitter Channel PCS  ; 0 / 2 ( 0 % )                                        ;
; Total GXB Transmitter Channel PMA  ; 0 / 2 ( 0 % )                                        ;
; Total PLLs                         ; 0 / 3 ( 0 % )                                        ;
; Device                             ; EP4CGX15BF14C6                                       ;
; Timing Models                      ; Final                                                ;
+------------------------------------+------------------------------------------------------+


+-----------------------------------------+
; Flow Settings                           ;
+-------------------+---------------------+
; Option            ; Setting             ;
+-------------------+---------------------+
; Start date & time ; 11/13/2022 14:07:38 ;
; Main task         ; Compilation         ;
; Revision Name     ; Hadamard            ;
+-------------------+---------------------+


+-----------------------------------------------------------------------------------------------------------------------------+
; Flow Non-Default Global Settings                                                                                            ;
+-------------------------------------+----------------------------------------+---------------+-------------+----------------+
; Assignment Name                     ; Value                                  ; Default Value ; Entity Name ; Section Id     ;
+-------------------------------------+----------------------------------------+---------------+-------------+----------------+
; COMPILER_SIGNATURE_ID               ; 242895776777251.166834845810349        ; --            ; --          ; --             ;
; EDA_GENERATE_FUNCTIONAL_NETLIST     ; On                                     ; --            ; --          ; eda_simulation ;
; EDA_OUTPUT_DATA_FORMAT              ; Vhdl                                   ; --            ; --          ; eda_simulation ;
; EDA_SIMULATION_TOOL                 ; ModelSim-Altera (VHDL)                 ; <None>        ; --          ; --             ;
; EDA_TIME_SCALE                      ; 1 ps                                   ; --            ; --          ; eda_simulation ;
; PARTITION_COLOR                     ; -- (Not supported for targeted family) ; --            ; Decoder     ; Top            ;
; PARTITION_FITTER_PRESERVATION_LEVEL ; -- (Not supported for targeted family) ; --            ; Decoder     ; Top            ;
; PARTITION_NETLIST_TYPE              ; -- (Not supported for targeted family) ; --            ; Decoder     ; Top            ;
; PROJECT_OUTPUT_DIRECTORY            ; output_files                           ; --            ; --          ; --             ;
; TOP_LEVEL_ENTITY                    ; Decoder                                ; Hadamard      ; --          ; --             ;
+-------------------------------------+----------------------------------------+---------------+-------------+----------------+


+--------------------------------------------------------------------------------------------------------------------------+
; Flow Elapsed Time                                                                                                        ;
+----------------------+--------------+-------------------------+---------------------+------------------------------------+
; Module Name          ; Elapsed Time ; Average Processors Used ; Peak Virtual Memory ; Total CPU Time (on all processors) ;
+----------------------+--------------+-------------------------+---------------------+------------------------------------+
; Analysis & Synthesis ; 00:00:07     ; 1.0                     ; 498 MB              ; 00:00:22                           ;
; Fitter               ; 00:00:03     ; 1.0                     ; 1996 MB             ; 00:00:04                           ;
; Assembler            ; 00:00:01     ; 1.0                     ; 413 MB              ; 00:00:01                           ;
; Timing Analyzer      ; 00:00:02     ; 1.1                     ; 593 MB              ; 00:00:01                           ;
; EDA Netlist Writer   ; 00:00:00     ; 1.0                     ; 662 MB              ; 00:00:00                           ;
; EDA Netlist Writer   ; 00:00:00     ; 1.0                     ; 662 MB              ; 00:00:00                           ;
; EDA Netlist Writer   ; 00:00:01     ; 1.0                     ; 662 MB              ; 00:00:00                           ;
; EDA Netlist Writer   ; 00:00:00     ; 1.0                     ; 662 MB              ; 00:00:00                           ;
; Total                ; 00:00:14     ; --                      ; --                  ; 00:00:28                           ;
+----------------------+--------------+-------------------------+---------------------+------------------------------------+


+--------------------------------------------------------------------------------------------+
; Flow OS Summary                                                                            ;
+----------------------+------------------+----------------+----------------+----------------+
; Module Name          ; Machine Hostname ; OS Name        ; OS Version     ; Processor type ;
+----------------------+------------------+----------------+----------------+----------------+
; Analysis & Synthesis ; new-host-2       ; Kali GNU/Linux ; Kali GNU/Linux ; x86_64         ;
; Fitter               ; new-host-2       ; Kali GNU/Linux ; Kali GNU/Linux ; x86_64         ;
; Assembler            ; new-host-2       ; Kali GNU/Linux ; Kali GNU/Linux ; x86_64         ;
; Timing Analyzer      ; new-host-2       ; Kali GNU/Linux ; Kali GNU/Linux ; x86_64         ;
; EDA Netlist Writer   ; new-host-2       ; Kali GNU/Linux ; Kali GNU/Linux ; x86_64         ;
; EDA Netlist Writer   ; new-host-2       ; Kali GNU/Linux ; Kali GNU/Linux ; x86_64         ;
; EDA Netlist Writer   ; new-host-2       ; Kali GNU/Linux ; Kali GNU/Linux ; x86_64         ;
; EDA Netlist Writer   ; new-host-2       ; Kali GNU/Linux ; Kali GNU/Linux ; x86_64         ;
+----------------------+------------------+----------------+----------------+----------------+


------------
; Flow Log ;
------------
quartus_map --read_settings_files=on --write_settings_files=off Hadamard -c Hadamard
quartus_fit --read_settings_files=off --write_settings_files=off Hadamard -c Hadamard
quartus_asm --read_settings_files=off --write_settings_files=off Hadamard -c Hadamard
quartus_sta Hadamard -c Hadamard
quartus_eda --read_settings_files=off --write_settings_files=off Hadamard -c Hadamard
quartus_eda --gen_testbench --tool=modelsim_oem --format=vhdl --write_settings_files=off Hadamard -c Hadamard --vector_source=/home/pinto/Documents/Universidade/AAD/Assigments/Hadamard/Waveform1.vwf --testbench_file=/home/pinto/Documents/Universidade/AAD/Assigments/Hadamard/simulation/qsim/Waveform1.vwf.vht
quartus_eda --gen_testbench --tool=modelsim_oem --format=vhdl --write_settings_files=off Hadamard -c Hadamard --vector_source=/home/pinto/Documents/Universidade/AAD/Assigments/Hadamard/Waveform1.vwf --testbench_file=/home/pinto/Documents/Universidade/AAD/Assigments/Hadamard/simulation/qsim/Waveform1.vwf.vht
quartus_eda --gen_testbench --tool=modelsim_oem --format=vhdl --write_settings_files=off Hadamard -c Hadamard --vector_source=/home/carlos/Documents/GitHub/AAD_2022/Hadamard/simulation/qsim/Hadamard_20221108200106.sim.vwf --testbench_file=/home/carlos/Documents/GitHub/AAD_2022/Hadamard/simulation/qsim/simulation/qsim/Hadamard_20221108200106.sim.vwf.vht



