Flow report for Hadamard
Sun Nov 13 21:37:03 2022
Quartus Prime Version 20.1.1 Build 720 11/11/2020 SJ Lite Edition


---------------------
; Table of Contents ;
---------------------
  1. Legal Notice
  2. Flow Summary
  3. Flow Settings
  4. Flow Non-Default Global Settings
  5. Flow Elapsed Time
  6. Flow OS Summary
  7. Flow Log
  8. Flow Messages
  9. Flow Suppressed Messages



----------------
; Legal Notice ;
----------------
Copyright (C) 2020  Intel Corporation. All rights reserved.
Your use of Intel Corporation's design tools, logic functions 
and other software and tools, and any partner logic 
functions, and any output files from any of the foregoing 
(including device programming or simulation files), and any 
associated documentation or information are expressly subject 
to the terms and conditions of the Intel Program License 
Subscription Agreement, the Intel Quartus Prime License Agreement,
the Intel FPGA IP License Agreement, or other applicable license
agreement, including, without limitation, that your use is for
the sole purpose of programming logic devices manufactured by
Intel and sold by Intel or its authorized distributors.  Please
refer to the applicable agreement for further details, at
https://fpgasoftware.intel.com/eula.



+-------------------------------------------------------------------------------------------+
; Flow Summary                                                                              ;
+------------------------------------+------------------------------------------------------+
; Flow Status                        ; EDA Netlist Writer Failed - Sun Nov 13 21:37:03 2022 ;
; Quartus Prime Version              ; 20.1.1 Build 720 11/11/2020 SJ Lite Edition          ;
; Revision Name                      ; Hadamard                                             ;
; Top-level Entity Name              ; Decoder                                              ;
; Family                             ; Cyclone IV GX                                        ;
; Total logic elements               ; N/A until Partition Merge                            ;
;     Total combinational functions  ; N/A until Partition Merge                            ;
;     Dedicated logic registers      ; N/A until Partition Merge                            ;
; Total registers                    ; N/A until Partition Merge                            ;
; Total pins                         ; N/A until Partition Merge                            ;
; Total virtual pins                 ; N/A until Partition Merge                            ;
; Total memory bits                  ; N/A until Partition Merge                            ;
; Embedded Multiplier 9-bit elements ; N/A until Partition Merge                            ;
; Total GXB Receiver Channel PCS     ; N/A until Partition Merge                            ;
; Total GXB Receiver Channel PMA     ; N/A until Partition Merge                            ;
; Total GXB Transmitter Channel PCS  ; N/A until Partition Merge                            ;
; Total GXB Transmitter Channel PMA  ; N/A until Partition Merge                            ;
; Total PLLs                         ; N/A until Partition Merge                            ;
+------------------------------------+------------------------------------------------------+


+-----------------------------------------+
; Flow Settings                           ;
+-------------------+---------------------+
; Option            ; Setting             ;
+-------------------+---------------------+
; Start date & time ; 11/13/2022 21:35:04 ;
; Main task         ; Compilation         ;
; Revision Name     ; Hadamard            ;
+-------------------+---------------------+


+-----------------------------------------------------------------------------------------------------------------------------+
; Flow Non-Default Global Settings                                                                                            ;
+-------------------------------------+----------------------------------------+---------------+-------------+----------------+
; Assignment Name                     ; Value                                  ; Default Value ; Entity Name ; Section Id     ;
+-------------------------------------+----------------------------------------+---------------+-------------+----------------+
; COMPILER_SIGNATURE_ID               ; 242895776777251.166837530402748        ; --            ; --          ; --             ;
; EDA_GENERATE_FUNCTIONAL_NETLIST     ; On                                     ; --            ; --          ; eda_simulation ;
; EDA_OUTPUT_DATA_FORMAT              ; Vhdl                                   ; --            ; --          ; eda_simulation ;
; EDA_SIMULATION_TOOL                 ; ModelSim-Altera (VHDL)                 ; <None>        ; --          ; --             ;
; EDA_TIME_SCALE                      ; 1 ps                                   ; --            ; --          ; eda_simulation ;
; PARTITION_COLOR                     ; -- (Not supported for targeted family) ; --            ; Decoder     ; Top            ;
; PARTITION_FITTER_PRESERVATION_LEVEL ; -- (Not supported for targeted family) ; --            ; Decoder     ; Top            ;
; PARTITION_NETLIST_TYPE              ; -- (Not supported for targeted family) ; --            ; Decoder     ; Top            ;
; PROJECT_OUTPUT_DIRECTORY            ; output_files                           ; --            ; --          ; --             ;
; TOP_LEVEL_ENTITY                    ; Decoder                                ; Hadamard      ; --          ; --             ;
+-------------------------------------+----------------------------------------+---------------+-------------+----------------+


+----------------------------------------------------------------------------------------------------------------------------+
; Flow Elapsed Time                                                                                                          ;
+------------------------+--------------+-------------------------+---------------------+------------------------------------+
; Module Name            ; Elapsed Time ; Average Processors Used ; Peak Virtual Memory ; Total CPU Time (on all processors) ;
+------------------------+--------------+-------------------------+---------------------+------------------------------------+
; Analysis & Elaboration ; 00:00:07     ; 1.0                     ; 795 MB              ; 00:00:24                           ;
; EDA Netlist Writer     ; 00:00:01     ; 1.0                     ; 659 MB              ; 00:00:00                           ;
; EDA Netlist Writer     ; 00:00:01     ; 1.0                     ; 662 MB              ; 00:00:00                           ;
; EDA Netlist Writer     ; 00:00:01     ; 1.0                     ; 662 MB              ; 00:00:00                           ;
; EDA Netlist Writer     ; 00:00:01     ; 1.0                     ; 662 MB              ; 00:00:00                           ;
; EDA Netlist Writer     ; 00:00:00     ; 1.0                     ; 662 MB              ; 00:00:00                           ;
; Total                  ; 00:00:11     ; --                      ; --                  ; 00:00:24                           ;
+------------------------+--------------+-------------------------+---------------------+------------------------------------+


+----------------------------------------------------------------------------------------------+
; Flow OS Summary                                                                              ;
+------------------------+------------------+----------------+----------------+----------------+
; Module Name            ; Machine Hostname ; OS Name        ; OS Version     ; Processor type ;
+------------------------+------------------+----------------+----------------+----------------+
; Analysis & Elaboration ; new-host-2       ; Kali GNU/Linux ; Kali GNU/Linux ; x86_64         ;
; EDA Netlist Writer     ; new-host-2       ; Kali GNU/Linux ; Kali GNU/Linux ; x86_64         ;
; EDA Netlist Writer     ; new-host-2       ; Kali GNU/Linux ; Kali GNU/Linux ; x86_64         ;
; EDA Netlist Writer     ; new-host-2       ; Kali GNU/Linux ; Kali GNU/Linux ; x86_64         ;
; EDA Netlist Writer     ; new-host-2       ; Kali GNU/Linux ; Kali GNU/Linux ; x86_64         ;
; EDA Netlist Writer     ; new-host-2       ; Kali GNU/Linux ; Kali GNU/Linux ; x86_64         ;
+------------------------+------------------+----------------+----------------+----------------+


------------
; Flow Log ;
------------
quartus_map --read_settings_files=on --write_settings_files=off Hadamard -c Hadamard --analysis_and_elaboration
quartus_eda --gen_testbench --tool=modelsim_oem --format=vhdl --write_settings_files=off Hadamard -c Hadamard --vector_source=/media/carlos/Windows-SSD/Users/carlo/Documents/GitHub/AAD_2022/Hadamard/Waveform1.vwf --testbench_file=/media/carlos/Windows-SSD/Users/carlo/Documents/GitHub/AAD_2022/Hadamard/simulation/qsim/Waveform1.vwf.vht
quartus_eda --write_settings_files=off --simulation=on --functional=on --flatten_buses=off --tool=modelsim_oem --format=vhdl --output_directory=/media/carlos/Windows-SSD/Users/carlo/Documents/GitHub/AAD_2022/Hadamard/simulation/qsim/ Hadamard -c Hadamard
quartus_eda --gen_testbench --tool=modelsim_oem --format=vhdl --write_settings_files=off Hadamard -c Hadamard --vector_source=/media/carlos/Windows-SSD/Users/carlo/Documents/GitHub/AAD_2022/Hadamard/Waveform1.vwf --testbench_file=/media/carlos/Windows-SSD/Users/carlo/Documents/GitHub/AAD_2022/Hadamard/simulation/qsim/Waveform1.vwf.vht
quartus_eda --write_settings_files=off --simulation=on --functional=on --flatten_buses=off --tool=modelsim_oem --format=vhdl --output_directory=/media/carlos/Windows-SSD/Users/carlo/Documents/GitHub/AAD_2022/Hadamard/simulation/qsim/ Hadamard -c Hadamard
quartus_eda --gen_testbench --tool=modelsim_oem --format=vhdl --write_settings_files=off Hadamard -c Hadamard --vector_source=/media/carlos/Windows-SSD/Users/carlo/Documents/GitHub/AAD_2022/Hadamard/simulation/qsim/Hadamard_20221113213656.sim.vwf --testbench_file=/media/carlos/Windows-SSD/Users/carlo/Documents/GitHub/AAD_2022/Hadamard/simulation/qsim/simulation/qsim/Hadamard_20221113213656.sim.vwf.vht



