Flow report for HadamardSerial
Sun Nov 13 20:23:12 2022
Quartus Prime Version 20.1.1 Build 720 11/11/2020 SJ Lite Edition


---------------------
; Table of Contents ;
---------------------
  1. Legal Notice
  2. Flow Summary
  3. Flow Settings
  4. Flow Non-Default Global Settings
  5. Flow Elapsed Time
  6. Flow OS Summary
  7. Flow Log
  8. Flow Messages
  9. Flow Suppressed Messages



----------------
; Legal Notice ;
----------------
Copyright (C) 2020  Intel Corporation. All rights reserved.
Your use of Intel Corporation's design tools, logic functions 
and other software and tools, and any partner logic 
functions, and any output files from any of the foregoing 
(including device programming or simulation files), and any 
associated documentation or information are expressly subject 
to the terms and conditions of the Intel Program License 
Subscription Agreement, the Intel Quartus Prime License Agreement,
the Intel FPGA IP License Agreement, or other applicable license
agreement, including, without limitation, that your use is for
the sole purpose of programming logic devices manufactured by
Intel and sold by Intel or its authorized distributors.  Please
refer to the applicable agreement for further details, at
https://fpgasoftware.intel.com/eula.



+----------------------------------------------------------------------------------+
; Flow Summary                                                                     ;
+------------------------------------+---------------------------------------------+
; Flow Status                        ; Successful - Sun Nov 13 20:23:12 2022       ;
; Quartus Prime Version              ; 20.1.1 Build 720 11/11/2020 SJ Lite Edition ;
; Revision Name                      ; HadamardSerial                              ;
; Top-level Entity Name              ; EncoderSerial                               ;
; Family                             ; Cyclone IV GX                               ;
; Total logic elements               ; 27 / 14,400 ( < 1 % )                       ;
;     Total combinational functions  ; 13 / 14,400 ( < 1 % )                       ;
;     Dedicated logic registers      ; 22 / 14,400 ( < 1 % )                       ;
; Total registers                    ; 22                                          ;
; Total pins                         ; 11 / 81 ( 14 % )                            ;
; Total virtual pins                 ; 0                                           ;
; Total memory bits                  ; 0 / 552,960 ( 0 % )                         ;
; Embedded Multiplier 9-bit elements ; 0                                           ;
; Total GXB Receiver Channel PCS     ; 0 / 2 ( 0 % )                               ;
; Total GXB Receiver Channel PMA     ; 0 / 2 ( 0 % )                               ;
; Total GXB Transmitter Channel PCS  ; 0 / 2 ( 0 % )                               ;
; Total GXB Transmitter Channel PMA  ; 0 / 2 ( 0 % )                               ;
; Total PLLs                         ; 0 / 3 ( 0 % )                               ;
; Device                             ; EP4CGX15BF14C6                              ;
; Timing Models                      ; Final                                       ;
+------------------------------------+---------------------------------------------+


+-----------------------------------------+
; Flow Settings                           ;
+-------------------+---------------------+
; Option            ; Setting             ;
+-------------------+---------------------+
; Start date & time ; 11/13/2022 20:19:49 ;
; Main task         ; Compilation         ;
; Revision Name     ; HadamardSerial      ;
+-------------------+---------------------+


+--------------------------------------------------------------------------------------------------------------------------------+
; Flow Non-Default Global Settings                                                                                               ;
+-------------------------------------+----------------------------------------+----------------+---------------+----------------+
; Assignment Name                     ; Value                                  ; Default Value  ; Entity Name   ; Section Id     ;
+-------------------------------------+----------------------------------------+----------------+---------------+----------------+
; COMPILER_SIGNATURE_ID               ; 242895776777251.166837078902751        ; --             ; --            ; --             ;
; EDA_OUTPUT_DATA_FORMAT              ; Vhdl                                   ; --             ; --            ; eda_simulation ;
; EDA_SIMULATION_TOOL                 ; ModelSim-Altera (VHDL)                 ; <None>         ; --            ; --             ;
; EDA_TIME_SCALE                      ; 1 ps                                   ; --             ; --            ; eda_simulation ;
; PARTITION_COLOR                     ; -- (Not supported for targeted family) ; --             ; EncoderSerial ; Top            ;
; PARTITION_FITTER_PRESERVATION_LEVEL ; -- (Not supported for targeted family) ; --             ; EncoderSerial ; Top            ;
; PARTITION_NETLIST_TYPE              ; -- (Not supported for targeted family) ; --             ; EncoderSerial ; Top            ;
; PROJECT_OUTPUT_DIRECTORY            ; output_files                           ; --             ; --            ; --             ;
; TOP_LEVEL_ENTITY                    ; EncoderSerial                          ; HadamardSerial ; --            ; --             ;
+-------------------------------------+----------------------------------------+----------------+---------------+----------------+


+-----------------------------------------------------------------------------------------------------------------------------+
; Flow Elapsed Time                                                                                                           ;
+-------------------------+--------------+-------------------------+---------------------+------------------------------------+
; Module Name             ; Elapsed Time ; Average Processors Used ; Peak Virtual Memory ; Total CPU Time (on all processors) ;
+-------------------------+--------------+-------------------------+---------------------+------------------------------------+
; Analysis & Synthesis    ; 00:00:07     ; 1.0                     ; 556 MB              ; 00:00:25                           ;
; Fitter                  ; 00:00:04     ; 1.0                     ; 1995 MB             ; 00:00:06                           ;
; EDA Netlist Writer      ; 00:00:01     ; 1.0                     ; 662 MB              ; 00:00:00                           ;
; I/O Assignment Analysis ; 00:00:01     ; 1.0                     ; 755 MB              ; 00:00:01                           ;
; Fitter                  ; 00:00:04     ; 1.1                     ; 1996 MB             ; 00:00:05                           ;
; Assembler               ; 00:00:01     ; 1.0                     ; 414 MB              ; 00:00:01                           ;
; Total                   ; 00:00:18     ; --                      ; --                  ; 00:00:38                           ;
+-------------------------+--------------+-------------------------+---------------------+------------------------------------+


+-----------------------------------------------------------------------------------------------+
; Flow OS Summary                                                                               ;
+-------------------------+------------------+----------------+----------------+----------------+
; Module Name             ; Machine Hostname ; OS Name        ; OS Version     ; Processor type ;
+-------------------------+------------------+----------------+----------------+----------------+
; Analysis & Synthesis    ; new-host-2       ; Kali GNU/Linux ; Kali GNU/Linux ; x86_64         ;
; Fitter                  ; new-host-2       ; Kali GNU/Linux ; Kali GNU/Linux ; x86_64         ;
; EDA Netlist Writer      ; new-host-2       ; Kali GNU/Linux ; Kali GNU/Linux ; x86_64         ;
; I/O Assignment Analysis ; new-host-2       ; Kali GNU/Linux ; Kali GNU/Linux ; x86_64         ;
; Fitter                  ; new-host-2       ; Kali GNU/Linux ; Kali GNU/Linux ; x86_64         ;
; Assembler               ; new-host-2       ; Kali GNU/Linux ; Kali GNU/Linux ; x86_64         ;
+-------------------------+------------------+----------------+----------------+----------------+


------------
; Flow Log ;
------------
quartus_map --read_settings_files=on --write_settings_files=off HadamardSerial -c HadamardSerial
quartus_fit --read_settings_files=off --write_settings_files=off HadamardSerial -c HadamardSerial
quartus_eda --read_settings_files=off --write_settings_files=off HadamardSerial -c HadamardSerial
quartus_fit --read_settings_files=on --write_settings_files=off HadamardSerial -c HadamardSerial --plan
quartus_fit --read_settings_files=on --write_settings_files=off HadamardSerial -c HadamardSerial
quartus_asm --read_settings_files=off --write_settings_files=off HadamardSerial -c HadamardSerial



